Blueprint copying Blueprint
Blueprint copying Blueprint
Blueprint copying Blueprint
Blueprint copying Joker
Blueprint copying Blueprint
Blueprint copying Blueprint
Blueprint copying Joker
Blueprint copying Blueprint
Blueprint copying Joker
Blueprint copying Joker
Straight (30 x 4)
A♥ +11 Chips (41 x 4)
K♠ +10 Chips (51 x 4)
Q♦ +10 Chips (61 x 4)
J♣ +10 Chips (71 x 4)
10♥ +10 Chips (81 x 4)
Joker +4 Mult (81 x 8)
Joker +4 Mult (81 x 12)
Joker +4 Mult (81 x 16)
Joker +4 Mult (81 x 20)
Joker +4 Mult (81 x 24)


1944
