Full House (40 x 4)
K♥ +10 Chips (50 x 4)
Scary Face K♥ +30 Chips (80 x 4)
Retrigger K♥ Sock And Buskin
K♥ +10 Chips (90 x 4)
Scary Face K♥ +30 Chips (120 x 4)
K♠ +10 Chips (130 x 4)
Scary Face K♠ +30 Chips (160 x 4)
Retrigger K♠ Sock And Buskin
K♠ +10 Chips (170 x 4)
Scary Face K♠ +30 Chips (200 x 4)
K♦ +10 Chips (210 x 4)
Scary Face K♦ +30 Chips (240 x 4)
Retrigger K♦ Sock And Buskin
K♦ +10 Chips (250 x 4)
Scary Face K♦ +30 Chips (280 x 4)
Q♣ +10 Chips (290 x 4)
Scary Face Q♣ +30 Chips (320 x 4)
Retrigger Q♣ Sock And Buskin
Q♣ +10 Chips (330 x 4)
Scary Face Q♣ +30 Chips (360 x 4)
Q♥ +10 Chips (370 x 4)
Scary Face Q♥ +30 Chips (400 x 4)
Retrigger Q♥ Sock And Buskin
Q♥ +10 Chips (410 x 4)
Scary Face Q♥ +30 Chips (440 x 4)


1760
