Straight (30 x 4)
K♥ +10 Chips (40 x 4)
Scary Face K♥ +30 Chips (70 x 4)
Smiley Face K♥ +5 Mult (70 x 9)
Retrigger K♥ Sock And Buskin
K♥ +10 Chips (80 x 9)
Scary Face K♥ +30 Chips (110 x 9)
Smiley Face K♥ +5 Mult (110 x 14)
Q♠ +10 Chips (120 x 14)
Scary Face Q♠ +30 Chips (150 x 14)
Smiley Face Q♠ +5 Mult (150 x 19)
Retrigger Q♠ Sock And Buskin
Q♠ +10 Chips (160 x 19)
Scary Face Q♠ +30 Chips (190 x 19)
Smiley Face Q♠ +5 Mult (190 x 24)
J♦ +10 Chips (200 x 24)
Scary Face J♦ +30 Chips (230 x 24)
Smiley Face J♦ +5 Mult (230 x 29)
Retrigger J♦ Sock And Buskin
J♦ +10 Chips (240 x 29)
Scary Face J♦ +30 Chips (270 x 29)
Smiley Face J♦ +5 Mult (270 x 34)
10♣ +10 Chips (280 x 34)
9♥ +9 Chips (289 x 34)
Baron K♠ x1.5 Mult (289 x 51)
Retrigger K♠ Mime
Baron K♠ x1.5 Mult (289 x 76.5)
Retrigger Q♣ Mime


22108
